# JRE version: OpenJDK Runtime Environment JBR-17.0.7+7-1000.2-nomod (17.0.7+7) (build 17.0.7+7-b1000.2)
# Java VM: OpenJDK 64-Bit Server VM JBR-17.0.7+7-1000.2-nomod (17.0.7+7-b1000.2, mixed mode, tiered, compressed oops, compressed class ptrs, g1 gc, windows-amd64)
GC Precious Log:
 CPUs: 8 total, 8 available
 Memory: 7971M
 Large Page Support: Disabled
 NUMA Support: Disabled
 Compressed Oops: Enabled (32-bit)
 Heap Region Size: 1M
 Heap Min Capacity: 8M
 Heap Initial Capacity: 126M
 Heap Max Capacity: 2G
 Pre-touch: Disabled
 Parallel Workers: 8
 Concurrent Workers: 2
 Concurrent Refinement Workers: 8
 Periodic GC: Disabled
Heap:
 garbage-first heap   total 204800K, used 148053K [0x0000000080000000, 0x0000000100000000)
  region size 1024K, 76 young (77824K), 12 survivors (12288K)
 Metaspace       used 52351K, committed 52800K, reserved 1114112K
  class space    used 6943K, committed 7168K, reserved 1048576K
GC Heap History (20 events):
Event: 10.662 GC heap before
{Heap before GC invocations=21 (full 0):
 garbage-first heap   total 204800K, used 87776K [0x0000000080000000, 0x0000000100000000)
  region size 1024K, 21 young (21504K), 7 survivors (7168K)
 Metaspace       used 51960K, committed 52480K, reserved 1114112K
  class space    used 6936K, committed 7168K, reserved 1048576K
}
Event: 10.668 GC heap after
{Heap after GC invocations=22 (full 0):
 garbage-first heap   total 204800K, used 67798K [0x0000000080000000, 0x0000000100000000)
  region size 1024K, 7 young (7168K), 7 survivors (7168K)
 Metaspace       used 51960K, committed 52480K, reserved 1114112K
  class space    used 6936K, committed 7168K, reserved 1048576K
}
Event: 10.978 GC heap before
{Heap before GC invocations=23 (full 0):
 garbage-first heap   total 204800K, used 148694K [0x0000000080000000, 0x0000000100000000)
  region size 1024K, 82 young (83968K), 7 survivors (7168K)
 Metaspace       used 52316K, committed 52800K, reserved 1114112K
  class space    used 6940K, committed 7168K, reserved 1048576K
}
Event: 10.986 GC heap after
{Heap after GC invocations=24 (full 0):
 garbage-first heap   total 204800K, used 74114K [0x0000000080000000, 0x0000000100000000)
  region size 1024K, 9 young (9216K), 9 survivors (9216K)
 Metaspace       used 52316K, committed 52800K, reserved 1114112K
  class space    used 6940K, committed 7168K, reserved 1048576K
}
Event: 11.055 GC heap before
{Heap before GC invocations=25 (full 0):
 garbage-first heap   total 204800K, used 91522K [0x0000000080000000, 0x0000000100000000)
  region size 1024K, 27 young (27648K), 9 survivors (9216K)
 Metaspace       used 52317K, committed 52800K, reserved 1114112K
  class space    used 6940K, committed 7168K, reserved 1048576K
}
Event: 11.064 GC heap after
{Heap after GC invocations=26 (full 0):
 garbage-first heap   total 204800K, used 77692K [0x0000000080000000, 0x0000000100000000)
  region size 1024K, 8 young (8192K), 8 survivors (8192K)
 Metaspace       used 52317K, committed 52800K, reserved 1114112K
  class space    used 6940K, committed 7168K, reserved 1048576K
}
Event: 11.311 GC heap before
{Heap before GC invocations=27 (full 0):
 garbage-first heap   total 204800K, used 156540K [0x0000000080000000, 0x0000000100000000)
  region size 1024K, 84 young (86016K), 8 survivors (8192K)
 Metaspace       used 52321K, committed 52800K, reserved 1114112K
  class space    used 6940K, committed 7168K, reserved 1048576K
}
Event: 11.314 GC heap after
{Heap after GC invocations=28 (full 0):
 garbage-first heap   total 204800K, used 75487K [0x0000000080000000, 0x0000000100000000)
  region size 1024K, 3 young (3072K), 3 survivors (3072K)
 Metaspace       used 52321K, committed 52800K, reserved 1114112K
  class space    used 6940K, committed 7168K, reserved 1048576K
}
Event: 11.590 GC heap before
{Heap before GC invocations=28 (full 0):
 garbage-first heap   total 204800K, used 166623K [0x0000000080000000, 0x0000000100000000)
  region size 1024K, 92 young (94208K), 3 survivors (3072K)
 Metaspace       used 52322K, committed 52800K, reserved 1114112K
  class space    used 6940K, committed 7168K, reserved 1048576K
}
Event: 11.593 GC heap after
{Heap after GC invocations=29 (full 0):
 garbage-first heap   total 204800K, used 75850K [0x0000000080000000, 0x0000000100000000)
  region size 1024K, 4 young (4096K), 4 survivors (4096K)
 Metaspace       used 52322K, committed 52800K, reserved 1114112K
  class space    used 6940K, committed 7168K, reserved 1048576K
}
Event: 11.893 GC heap before
{Heap before GC invocations=30 (full 0):
 garbage-first heap   total 204800K, used 168010K [0x0000000080000000, 0x0000000100000000)
  region size 1024K, 94 young (96256K), 4 survivors (4096K)
 Metaspace       used 52304K, committed 52800K, reserved 1114112K
  class space    used 6934K, committed 7168K, reserved 1048576K
}
Event: 11.896 GC heap after
{Heap after GC invocations=31 (full 0):
 garbage-first heap   total 204800K, used 76616K [0x0000000080000000, 0x0000000100000000)
  region size 1024K, 5 young (5120K), 5 survivors (5120K)
 Metaspace       used 52304K, committed 52800K, reserved 1114112K
  class space    used 6934K, committed 7168K, reserved 1048576K
}
Event: 12.148 GC heap before
{Heap before GC invocations=31 (full 0):
 garbage-first heap   total 204800K, used 170824K [0x0000000080000000, 0x0000000100000000)
  region size 1024K, 97 young (99328K), 5 survivors (5120K)
 Metaspace       used 52308K, committed 52800K, reserved 1114112K
  class space    used 6935K, committed 7168K, reserved 1048576K
}
Event: 12.151 GC heap after
{Heap after GC invocations=32 (full 0):
 garbage-first heap   total 204800K, used 77605K [0x0000000080000000, 0x0000000100000000)
  region size 1024K, 6 young (6144K), 6 survivors (6144K)
 Metaspace       used 52308K, committed 52800K, reserved 1114112K
  class space    used 6935K, committed 7168K, reserved 1048576K
}
Event: 12.395 GC heap before
{Heap before GC invocations=33 (full 0):
 garbage-first heap   total 204800K, used 172837K [0x0000000080000000, 0x0000000100000000)
  region size 1024K, 99 young (101376K), 6 survivors (6144K)
 Metaspace       used 52345K, committed 52800K, reserved 1114112K
  class space    used 6943K, committed 7168K, reserved 1048576K
}
Event: 12.398 GC heap after
{Heap after GC invocations=34 (full 0):
 garbage-first heap   total 204800K, used 78559K [0x0000000080000000, 0x0000000100000000)
  region size 1024K, 6 young (6144K), 6 survivors (6144K)
 Metaspace       used 52345K, committed 52800K, reserved 1114112K
  class space    used 6943K, committed 7168K, reserved 1048576K
}
Event: 12.474 GC heap before
{Heap before GC invocations=34 (full 0):
 garbage-first heap   total 204800K, used 95967K [0x0000000080000000, 0x0000000100000000)
  region size 1024K, 24 young (24576K), 6 survivors (6144K)
 Metaspace       used 52346K, committed 52800K, reserved 1114112K
  class space    used 6943K, committed 7168K, reserved 1048576K
}
Event: 12.479 GC heap after
{Heap after GC invocations=35 (full 0):
 garbage-first heap   total 204800K, used 78532K [0x0000000080000000, 0x0000000100000000)
  region size 1024K, 6 young (6144K), 6 survivors (6144K)
 Metaspace       used 52346K, committed 52800K, reserved 1114112K
  class space    used 6943K, committed 7168K, reserved 1048576K
}
Event: 12.872 GC heap before
{Heap before GC invocations=36 (full 0):
 garbage-first heap   total 204800K, used 177860K [0x0000000080000000, 0x0000000100000000)
  region size 1024K, 101 young (103424K), 6 survivors (6144K)
 Metaspace       used 52351K, committed 52800K, reserved 1114112K
  class space    used 6943K, committed 7168K, reserved 1048576K
}
Event: 12.882 GC heap after
{Heap after GC invocations=37 (full 0):
 garbage-first heap   total 204800K, used 84565K [0x0000000080000000, 0x0000000100000000)
  region size 1024K, 12 young (12288K), 12 survivors (12288K)
 Metaspace       used 52351K, committed 52800K, reserved 1114112K
  class space    used 6943K, committed 7168K, reserved 1048576K
}

