# JRE version: OpenJDK Runtime Environment JBR-17.0.7+7-1000.2-nomod (17.0.7+7) (build 17.0.7+7-b1000.2)
# Java VM: OpenJDK 64-Bit Server VM JBR-17.0.7+7-1000.2-nomod (17.0.7+7-b1000.2, mixed mode, tiered, compressed oops, compressed class ptrs, g1 gc, windows-amd64)
GC Precious Log:
 CPUs: 8 total, 8 available
 Memory: 7971M
 Large Page Support: Disabled
 NUMA Support: Disabled
 Compressed Oops: Enabled (32-bit)
 Heap Region Size: 1M
 Heap Min Capacity: 8M
 Heap Initial Capacity: 126M
 Heap Max Capacity: 2G
 Pre-touch: Disabled
 Parallel Workers: 8
 Concurrent Workers: 2
 Concurrent Refinement Workers: 8
 Periodic GC: Disabled
Heap:
 garbage-first heap   total 172032K, used 87960K [0x0000000080000000, 0x0000000100000000)
  region size 1024K, 2 young (2048K), 2 survivors (2048K)
 Metaspace       used 46943K, committed 47360K, reserved 1114112K
  class space    used 6196K, committed 6400K, reserved 1048576K
GC Heap History (20 events):
Event: 7.842 GC heap after
{Heap after GC invocations=31 (full 0):
 garbage-first heap   total 143360K, used 73421K [0x0000000080000000, 0x0000000100000000)
  region size 1024K, 2 young (2048K), 2 survivors (2048K)
 Metaspace       used 46932K, committed 47360K, reserved 1114112K
  class space    used 6195K, committed 6400K, reserved 1048576K
}
Event: 8.041 GC heap before
{Heap before GC invocations=32 (full 0):
 garbage-first heap   total 143360K, used 121549K [0x0000000080000000, 0x0000000100000000)
  region size 1024K, 49 young (50176K), 2 survivors (2048K)
 Metaspace       used 46933K, committed 47360K, reserved 1114112K
  class space    used 6195K, committed 6400K, reserved 1048576K
}
Event: 8.044 GC heap after
{Heap after GC invocations=33 (full 0):
 garbage-first heap   total 143360K, used 73833K [0x0000000080000000, 0x0000000100000000)
  region size 1024K, 2 young (2048K), 2 survivors (2048K)
 Metaspace       used 46933K, committed 47360K, reserved 1114112K
  class space    used 6195K, committed 6400K, reserved 1048576K
}
Event: 8.227 GC heap before
{Heap before GC invocations=33 (full 0):
 garbage-first heap   total 143360K, used 121961K [0x0000000080000000, 0x0000000100000000)
  region size 1024K, 50 young (51200K), 2 survivors (2048K)
 Metaspace       used 46936K, committed 47360K, reserved 1114112K
  class space    used 6196K, committed 6400K, reserved 1048576K
}
Event: 8.230 GC heap after
{Heap after GC invocations=34 (full 0):
 garbage-first heap   total 172032K, used 74440K [0x0000000080000000, 0x0000000100000000)
  region size 1024K, 3 young (3072K), 3 survivors (3072K)
 Metaspace       used 46936K, committed 47360K, reserved 1114112K
  class space    used 6196K, committed 6400K, reserved 1048576K
}
Event: 8.571 GC heap before
{Heap before GC invocations=35 (full 0):
 garbage-first heap   total 172032K, used 148168K [0x0000000080000000, 0x0000000100000000)
  region size 1024K, 75 young (76800K), 3 survivors (3072K)
 Metaspace       used 46936K, committed 47360K, reserved 1114112K
  class space    used 6196K, committed 6400K, reserved 1048576K
}
Event: 8.574 GC heap after
{Heap after GC invocations=36 (full 0):
 garbage-first heap   total 172032K, used 74897K [0x0000000080000000, 0x0000000100000000)
  region size 1024K, 3 young (3072K), 3 survivors (3072K)
 Metaspace       used 46936K, committed 47360K, reserved 1114112K
  class space    used 6196K, committed 6400K, reserved 1048576K
}
Event: 8.852 GC heap before
{Heap before GC invocations=36 (full 0):
 garbage-first heap   total 172032K, used 148625K [0x0000000080000000, 0x0000000100000000)
  region size 1024K, 75 young (76800K), 3 survivors (3072K)
 Metaspace       used 46937K, committed 47360K, reserved 1114112K
  class space    used 6196K, committed 6400K, reserved 1048576K
}
Event: 8.855 GC heap after
{Heap after GC invocations=37 (full 0):
 garbage-first heap   total 172032K, used 75573K [0x0000000080000000, 0x0000000100000000)
  region size 1024K, 4 young (4096K), 4 survivors (4096K)
 Metaspace       used 46937K, committed 47360K, reserved 1114112K
  class space    used 6196K, committed 6400K, reserved 1048576K
}
Event: 9.209 GC heap before
{Heap before GC invocations=37 (full 0):
 garbage-first heap   total 172032K, used 151349K [0x0000000080000000, 0x0000000100000000)
  region size 1024K, 76 young (77824K), 4 survivors (4096K)
 Metaspace       used 46938K, committed 47360K, reserved 1114112K
  class space    used 6196K, committed 6400K, reserved 1048576K
}
Event: 9.216 GC heap after
{Heap after GC invocations=38 (full 0):
 garbage-first heap   total 172032K, used 78555K [0x0000000080000000, 0x0000000100000000)
  region size 1024K, 7 young (7168K), 7 survivors (7168K)
 Metaspace       used 46938K, committed 47360K, reserved 1114112K
  class space    used 6196K, committed 6400K, reserved 1048576K
}
Event: 9.573 GC heap before
{Heap before GC invocations=38 (full 0):
 garbage-first heap   total 172032K, used 146139K [0x0000000080000000, 0x0000000100000000)
  region size 1024K, 73 young (74752K), 7 survivors (7168K)
 Metaspace       used 46942K, committed 47360K, reserved 1114112K
  class space    used 6196K, committed 6400K, reserved 1048576K
}
Event: 9.584 GC heap after
{Heap after GC invocations=39 (full 0):
 garbage-first heap   total 172032K, used 83341K [0x0000000080000000, 0x0000000100000000)
  region size 1024K, 10 young (10240K), 10 survivors (10240K)
 Metaspace       used 46942K, committed 47360K, reserved 1114112K
  class space    used 6196K, committed 6400K, reserved 1048576K
}
Event: 9.890 GC heap before
{Heap before GC invocations=39 (full 0):
 garbage-first heap   total 172032K, used 143757K [0x0000000080000000, 0x0000000100000000)
  region size 1024K, 69 young (70656K), 10 survivors (10240K)
 Metaspace       used 46942K, committed 47360K, reserved 1114112K
  class space    used 6196K, committed 6400K, reserved 1048576K
}
Event: 9.904 GC heap after
{Heap after GC invocations=40 (full 0):
 garbage-first heap   total 172032K, used 86636K [0x0000000080000000, 0x0000000100000000)
  region size 1024K, 9 young (9216K), 9 survivors (9216K)
 Metaspace       used 46942K, committed 47360K, reserved 1114112K
  class space    used 6196K, committed 6400K, reserved 1048576K
}
Event: 10.180 GC heap before
{Heap before GC invocations=40 (full 0):
 garbage-first heap   total 172032K, used 142956K [0x0000000080000000, 0x0000000100000000)
  region size 1024K, 65 young (66560K), 9 survivors (9216K)
 Metaspace       used 46943K, committed 47360K, reserved 1114112K
  class space    used 6196K, committed 6400K, reserved 1048576K
}
Event: 10.188 GC heap after
{Heap after GC invocations=41 (full 0):
 garbage-first heap   total 172032K, used 87794K [0x0000000080000000, 0x0000000100000000)
  region size 1024K, 5 young (5120K), 5 survivors (5120K)
 Metaspace       used 46943K, committed 47360K, reserved 1114112K
  class space    used 6196K, committed 6400K, reserved 1048576K
}
Event: 10.515 GC heap before
{Heap before GC invocations=42 (full 0):
 garbage-first heap   total 172032K, used 146162K [0x0000000080000000, 0x0000000100000000)
  region size 1024K, 62 young (63488K), 5 survivors (5120K)
 Metaspace       used 46943K, committed 47360K, reserved 1114112K
  class space    used 6196K, committed 6400K, reserved 1048576K
}
Event: 10.521 GC heap after
{Heap after GC invocations=43 (full 0):
 garbage-first heap   total 172032K, used 87829K [0x0000000080000000, 0x0000000100000000)
  region size 1024K, 5 young (5120K), 5 survivors (5120K)
 Metaspace       used 46943K, committed 47360K, reserved 1114112K
  class space    used 6196K, committed 6400K, reserved 1048576K
}
Event: 10.812 GC heap before
{Heap before GC invocations=43 (full 0):
 garbage-first heap   total 172032K, used 147221K [0x0000000080000000, 0x0000000100000000)
  region size 1024K, 63 young (64512K), 5 survivors (5120K)
 Metaspace       used 46943K, committed 47360K, reserved 1114112K
  class space    used 6196K, committed 6400K, reserved 1048576K
}

